<?xml version="1.0" encoding="UTF-8"?>
<!-- Generated by org.testng.reporters.JUnitXMLReporter -->
<testsuite ignored="0" hostname="LAPTOP-P4P2FF7C" failures="0" tests="2" name="Test-Runner-Firefox" time="53.515" errors="0" timestamp="2022-01-21T23:01:39 IST">
  <testcase classname="com.vtigerOrgTest.CreateOrgTest" name="CreateOrg" time="15.489"/>
  <testcase classname="com.vtigerOrgTest.CreateOrgTest" name="CreateOrgwithindustry" time="18.004"/>
</testsuite> <!-- Test-Runner-Firefox -->
